<?xml version="1.0" encoding="UTF-8"?>
<Site BuildName="Linux-c++"
	BuildStamp="20240929-1707-Experimental"
	Name="luki-Lenovo-IdeaPad-S145-15IIL"
	Generator="ctest-3.30.2"
	CompilerName="/usr/bin/c++"
	CompilerVersion="11.4.0"
	OSName="Linux"
	Hostname="luki-Lenovo-IdeaPad-S145-15IIL"
	OSRelease="6.8.0-45-generic"
	OSVersion="#45~22.04.1-Ubuntu SMP PREEMPT_DYNAMIC Wed Sep 11 15:25:05 UTC 2"
	OSPlatform="x86_64"
	Is64Bits="1"
	VendorString="GenuineIntel"
	VendorID="Intel Corporation"
	FamilyID="6"
	ModelID="126"
	ProcessorCacheSize="6144"
	NumberOfLogicalCPU="8"
	NumberOfPhysicalCPU="4"
	TotalVirtualMemory="0"
	TotalPhysicalMemory="7737"
	LogicalProcessorsPerPhysical="2"
	ProcessorClockFrequency="1427.95"
	>
	<Testing>
		<StartDateTime>Sep 29 14:26 -03</StartDateTime>
		<StartTestTime>1727630773</StartTestTime>
		<TestList/>
		<EndDateTime>Sep 29 14:26 -03</EndDateTime>
		<EndTestTime>1727630773</EndTestTime>
		<ElapsedMinutes>0</ElapsedMinutes>
	</Testing>
</Site>
